[0;32m=== Cloud Pirates Deployment to Civo ===[0m

Saved the API Key [32mcloud-pirates[0m
Set the default API Key to be [32mcloud-pirates[0m
[0;32m✓ Configured Civo API[0m

[1;33mCreating cluster: cloud-pirates-1764911825[0m
Error: unknown flag: --name
Usage:
  civo kubernetes create [flags]

Aliases:
  create, new, add

Examples:
civo kubernetes create CLUSTER_NAME [flags]

Notes:
* The '--create-firewall' will open the ports 80,443 and 6443 in the firewall if '--firewall-rules' is not used.
* The '--create-firewall' and '--existing-firewall' flags are mutually exclusive. You can't use them together.
* The '--firewall-rules' flag need to be used with '--create-firewall'.
* The '--firewall-rules' flag can accept:
    * You can pass 'all' to open all ports.
    * An optional end port using 'start_port-end_port' format (e.g. 8000-8100)
    * An optional CIDR notation (e.g. 0.0.0.0/0)
    * When no CIDR notation is provided, the port will get 0.0.0.0/0 (open to public) as default CIDR notation
    * When a CIDR notation is provided without slash and number segment, it will default to /32
    * Within a rule, you can use comma separator for multiple ports to have same CIDR notation
    * To separate between rules, you can use semicolon symbol and wrap everything in double quotes (see below)
    So the following would all be valid:
    * "80,443,6443:0.0.0.0/0;8080:1.2.3.4" (open 80,443,6443 to public and 8080 just for 1.2.3.4/32)
    * "80,443,6443;6000-6500:4.4.4.4/24" (open 80,443,6443 to public and 6000 to 6500 just for 4.4.4.4/24)


Flags:
  -a, --applications string                 optional, use names shown by running 'civo kubernetes applications ls'
      --cluster-type string                 optional, possible options: k3s,talos. (default "k3s")
  -p, --cni-plugin string                   optional, possible options: flannel,cilium. (default "flannel")
  -c, --create-firewall                     optional, create a firewall for the cluster with all open ports
  -e, --existing-firewall string            optional, ID of existing firewall to use
  -u, --firewall-rules string               optional, can be used if the --create-firewall flag is set, semicolon-separated list of ports to open (default "default")
  -h, --help                                help for create
  -t, --network string                      the name of the network to use in the creation (default "default")
  -n, --nodes int                           the number of nodes to create (the master also acts as a node). (default 3)
  -r, --remove-applications string          optional, remove default application names shown by running  'civo kubernetes applications ls'
      --save                                save the config
  -s, --size civo size list -s kubernetes   the size of nodes to create. You can list available kubernetes sizes by civo size list -s kubernetes (default "g4s.kube.medium")
      --switch                              switch context to newly-created cluster
  -v, --version string                      the k3s version to use on the cluster. Defaults to the latest. Example - 'civo k3s create --version 1.21.2+k3s1' (default "latest")
      --volume-type string                  optional, volume-type name as returned by 'civo volumetypes ls'
  -w, --wait                                a simple flag (e.g. --wait) that will cause the CLI to spin and wait for the cluster to be ACTIVE

Global Flags:
      --config string   config file (default is $HOME/.civo.json)
  -f, --fields string   output fields for custom format output (use -h to determine fields)
  -o, --output string   output format (json/human/custom) (default "human")
      --pretty          Print pretty the json output
      --region string   Choose the region to connect to, if you use this option it will use it over the default region
  -y, --yes             Automatic yes to prompts; assume "yes" as answer to all prompts and run non-interactively

